[debug] [2026-01-22T18:32:08.207Z] ----------------------------------------------------------------------
[debug] [2026-01-22T18:32:08.213Z] Command:       C:\Program Files\nodejs\node.exe C:\Users\walte\AppData\Roaming\npm\node_modules\firebase-tools\lib\bin\firebase.js init
[debug] [2026-01-22T18:32:08.213Z] CLI Version:   15.3.1
[debug] [2026-01-22T18:32:08.214Z] Platform:      win32
[debug] [2026-01-22T18:32:08.214Z] Node Version:  v24.11.1
[debug] [2026-01-22T18:32:08.214Z] Time:          Thu Jan 22 2026 20:32:08 GMT+0200 (Central Africa Time)
[debug] [2026-01-22T18:32:08.214Z] ----------------------------------------------------------------------
[debug] 
[debug] [2026-01-22T18:32:11.024Z] Object "" in "firebase.json" has unknown property: {"additionalProperty":"projectId"}
[debug] [2026-01-22T18:32:11.030Z] Object "" in "firebase.json" has unknown property: {"additionalProperty":"projectId"}
[info] 
     ######## #### ########  ######## ########     ###     ######  ########
     ##        ##  ##     ## ##       ##     ##  ##   ##  ##       ##
     ######    ##  ########  ######   ########  #########  ######  ######
     ##        ##  ##    ##  ##       ##     ## ##     ##       ## ##
     ##       #### ##     ## ######## ########  ##     ##  ######  ########

You're about to initialize a Firebase project in this directory:

  E:\Andoid Studio\AndroidStudioProjects\GoTicky

Before we get started, keep in mind:

  * You are initializing within an existing Firebase project directory

