#
# A fatal error has been detected by the Java Runtime Environment:
#
#  EXCEPTION_ACCESS_VIOLATION (0xc0000005) at pc=0x00007ffd7afe234e, pid=19276, tid=2224
#
# JRE version:  (17.0.15+9) (build )
# Java VM: Java HotSpot(TM) 64-Bit Server VM (17.0.15+9-LTS-241, mixed mode, sharing, tiered, compressed oops, compressed class ptrs, g1 gc, windows-amd64)
# Problematic frame:
# V  [jvm.dll+0x2c234e]
#
# No core dump will be written. Minidumps are not enabled by default on client versions of Windows
#
#

---------------  S U M M A R Y ------------

Command Line: -Xmx64m -Xms64m -Dorg.gradle.appname=gradlew E:\Andoid Studio\AndroidStudioProjects\GoTicky\\gradle\wrapper\gradle-wrapper.jar composeApp:build --no-daemon --stacktrace

Host: Intel(R) Core(TM) i9-10885H CPU @ 2.40GHz, 16 cores, 63G,  Windows 11 , 64 bit Build 22621 (10.0.22621.5415)
Time: Sat Dec  6 00:14:44 2025 South Africa Standard Time elapsed time: 0.030259 seconds (0d 0h 0m 0s)

---------------  T H R E A D  ---------------

Current thread (0x000001eaf643eab0):  JavaThread "Unknown thread" [_thread_in_vm, id=2224, stack(0x000000b4d0700000,0x000000b4d0800000)]

Stack: [0x000000b4d0700000,0x000000b4d0800000],  sp=0x000000b4d07fee90,  free space=1019k
Native frames: (J=compiled Java code, j=interpreted, Vv=VM code, C=native code)
V  [jvm.dll+0x2c234e]
V  [jvm.dll+0x2c27b5]
V  [jvm.dll+0x626e76]
V  [jvm.dll+0x6270a3]
V  [jvm.dll+0x626583]
V  [jvm.dll+0x6222b8]
V  [jvm.dll+0x7acec5]
V  [jvm.dll+0x3678b1]
V  [jvm.dll+0x78be69]
V  [jvm.dll+0x3ecc6e]
V  [jvm.dll+0x3ee8a1]
C  [jli.dll+0x5297]
C  [ucrtbase.dll+0x29333]
C  [KERNEL32.DLL+0x1259d]
C  [ntdll.dll+0x5af78]


siginfo: EXCEPTION_ACCESS_VIOLATION (0xc0000005), reading address 0x0000000000000000


Registers:
RAX=0x0000b9be589c03ff, RBX=0x0000000000000000, RCX=0x0000000000000000, RDX=0x00007ffd7b616d01
RSP=0x000000b4d07fee90, RBP=0x0000000000000001, RSI=0x000001ea8f8f6410, RDI=0x0000000000000000
R8 =0x0000000000000001, R9 =0x0000000000000001, R10=0x0000000000000000, R11=0x0000000000000246
R12=0x0000000000000002, R13=0x000001eaf40deb80, R14=0x0000000000000001, R15=0x000001ea8f000000
RIP=0x00007ffd7afe234e, EFLAGS=0x0000000000010246


Top of Stack: (sp=0x000000b4d07fee90)
0x000000b4d07fee90:   000001ea8fbd0000 0000000800000000
0x000000b4d07feea0:   0000000800bd0000 000001ea8f000000
0x000000b4d07feeb0:   000001ea8fbd0000 000001e28f000000
0x000000b4d07feec0:   000000b4d07fefe0 0000000000000001
0x000000b4d07feed0:   0000b9be589c037f 000001eaf64e3850
0x000000b4d07feee0:   0000b9be589c03ff 000001eaf64e3850
0x000000b4d07feef0:   0000000000000000 00007ffd7afe27b5
0x000000b4d07fef00:   000001ea8f000000 0000000000000000
0x000000b4d07fef10:   000001eaf64e3850 0000000000000000
0x000000b4d07fef20:   000001ea8f8f6408 0000000000000001
0x000000b4d07fef30:   000001ea8f000000 0000000001000000
0x000000b4d07fef40:   0000000000000000 0000000000010000
0x000000b4d07fef50:   0000000000001000 ffffffff00000000
0x000000b4d07fef60:   0000000000000000 0000000000000003
0x000000b4d07fef70:   0000b9be589c026f 0000000000000000
0x000000b4d07fef80:   000001eaf40deb80 0000000000000000 

Instructions: (pc=0x00007ffd7afe234e)
0x00007ffd7afe224e:   fe 2b 63 00 e8 29 30 f8 ff 48 8b 0d 42 6c 83 00
0x00007ffd7afe225e:   48 85 c9 74 22 44 0f b6 83 41 02 00 00 48 8d 0d
0x00007ffd7afe226e:   ae 5a 63 00 0f b6 93 40 02 00 00 e8 a2 4d de ff
0x00007ffd7afe227e:   48 8b 0d 1b 6c 83 00 0f b6 05 8b 7c 84 00 38 83
0x00007ffd7afe228e:   40 02 00 00 75 60 0f b6 05 bd 7c 84 00 38 83 41
0x00007ffd7afe229e:   02 00 00 75 51 80 bb a1 03 00 00 00 75 1f c6 05
0x00007ffd7afe22ae:   3d 38 7f 00 00 48 85 c9 74 13 48 8d 0d 61 5b 63
0x00007ffd7afe22be:   00 e8 5c 4d de ff 48 8b 0d d5 6b 83 00 80 bb a2
0x00007ffd7afe22ce:   03 00 00 00 75 18 c6 05 16 38 7f 00 00 48 85 c9
0x00007ffd7afe22de:   74 0c 48 8d 0d a9 5b 63 00 e8 34 4d de ff b0 01
0x00007ffd7afe22ee:   48 83 c4 20 5b c3 48 8d 0d 85 5a 63 00 e8 c0 d5
0x00007ffd7afe22fe:   ff ff 32 c0 48 83 c4 20 5b c3 cc cc cc cc cc cc
0x00007ffd7afe230e:   cc cc 48 89 5c 24 10 48 89 6c 24 18 48 89 74 24
0x00007ffd7afe231e:   20 57 48 83 ec 60 48 8b 05 9d fe 80 00 48 33 c4
0x00007ffd7afe232e:   48 89 44 24 50 80 3d 39 19 7e 00 00 0f b6 ea 48
0x00007ffd7afe233e:   8b f1 74 17 80 39 00 75 12 48 8b 0d 1a cf 83 00
0x00007ffd7afe234e:   48 8b 01 ff 50 20 48 8b d8 eb 08 48 8b 59 18 48
0x00007ffd7afe235e:   83 c3 04 48 83 3d 07 d0 83 00 00 40 b7 01 74 0f
0x00007ffd7afe236e:   48 8b d3 48 8d 0d 28 46 63 00 e8 83 b1 f2 ff 48
0x00007ffd7afe237e:   8d 54 24 20 48 8b cb e8 36 6d 3b 00 85 c0 74 19
0x00007ffd7afe238e:   40 84 ed 74 14 48 8b d3 48 8d 0d 2b 46 63 00 e8
0x00007ffd7afe239e:   1e d5 ff ff 40 32 ff eb 7a 80 3e 02 75 20 48 8b
0x00007ffd7afe23ae:   cb e8 5c 12 3b 00 84 c0 75 69 48 8b d3 48 8d 0d
0x00007ffd7afe23be:   36 46 63 00 e8 f9 d4 ff ff 40 32 ff eb 55 48 8b
0x00007ffd7afe23ce:   56 08 4c 8b 44 24 40 48 85 d2 74 05 49 3b d0 75
0x00007ffd7afe23de:   0b 48 63 44 24 34 48 39 46 10 74 37 40 32 ff 40
0x00007ffd7afe23ee:   38 3d ba 7c 84 00 74 1c 49 3b d0 48 8d 05 18 46
0x00007ffd7afe23fe:   63 00 48 8d 0d 29 46 63 00 48 0f 45 c8 e8 b0 d4
0x00007ffd7afe240e:   ff ff eb 0f 48 8b d3 48 8d 0d 34 46 63 00 e8 9f
0x00007ffd7afe241e:   d4 ff ff 80 3d 86 7c 84 00 00 74 10 40 84 ff 75
0x00007ffd7afe242e:   0b c6 05 fb c5 85 00 01 b0 01 eb 04 40 0f b6 c7
0x00007ffd7afe243e:   48 8b 4c 24 50 48 33 cc e8 c5 42 57 00 4c 8d 5c 



---------------  P R O C E S S  ---------------

Threads class SMR info:
_java_thread_list=0x00007ffd7b7d8a18, length=0, elements={
}

Java Threads: ( => current thread )

Other Threads:
  0x000001eaf6460c70 GCTaskThread "GC Thread#0" [stack: 0x000000b4d0800000,0x000000b4d0900000] [id=6708]
  0x000001eaf64623c0 ConcurrentGCThread "G1 Main Marker" [stack: 0x000000b4d0900000,0x000000b4d0a00000] [id=4268]
  0x000001eaf6464580 ConcurrentGCThread "G1 Conc#0" [stack: 0x000000b4d0a00000,0x000000b4d0b00000] [id=16464]
  0x000001eaf64e1630 ConcurrentGCThread "G1 Refine#0" [stack: 0x000000b4d0b00000,0x000000b4d0c00000] [id=18448]
  0x000001eaf64e2060 ConcurrentGCThread "G1 Service" [stack: 0x000000b4d0c00000,0x000000b4d0d00000] [id=12760]

=>0x000001eaf643eab0 (exited) JavaThread "Unknown thread" [_thread_in_vm, id=2224, stack(0x000000b4d0700000,0x000000b4d0800000)]

Threads with active compile tasks:

VM state: not at safepoint (not fully initialized)

VM Mutex/Monitor currently owned by a thread: None

Heap address: 0x00000000fc000000, size: 64 MB, Compressed Oops mode: 32-bit

CDS archive(s) mapped at: [0x0000000000000000-0x0000000000000000-0x0000000000000000), size 0, SharedBaseAddress: 0x0000000800000000, ArchiveRelocationMode: 1.
Narrow klass base: 0x0000000000000000, Narrow klass shift: 0, Narrow klass range: 0x0

GC Precious Log:
 CPUs: 16 total, 16 available
 Memory: 64833M
 Large Page Support: Disabled
 NUMA Support: Disabled
 Compressed Oops: Enabled (32-bit)
 Heap Region Size: 1M
 Heap Min Capacity: 64M
 Heap Initial Capacity: 64M
 Heap Max Capacity: 64M
 Pre-touch: Disabled
 Parallel Workers: 13
 Concurrent Workers: 3
 Concurrent Refinement Workers: 13
 Periodic GC: Disabled

Heap:
 garbage-first heap   total 65536K, used 0K [0x00000000fc000000, 0x0000000100000000)
  region size 1024K, 0 young (0K), 0 survivors (0K)

[error occurred during error reporting (printing heap information), id 0xc0000005, EXCEPTION_ACCESS_VIOLATION (0xc0000005) at pc=0x00007ffd7b3f3c09]

GC Heap History (0 events):
No events

Deoptimization events (0 events):
No events

Classes unloaded (0 events):
No events

Classes redefined (0 events):
No events

Internal exceptions (0 events):
No events

VM Operations (0 events):
No events

Events (2 events):
Event: 0.008 Loaded shared library C:\Program Files\Java\jdk-17\bin\java.dll
Event: 0.009 Loaded shared library C:\Program Files\Java\jdk-17\bin\zip.dll


Dynamic libraries:
0x00007ff6e24f0000 - 0x00007ff6e2500000 	C:\Program Files\Java\jdk-17\bin\java.exe
0x00007ffe2a170000 - 0x00007ffe2a387000 	C:\Windows\SYSTEM32\ntdll.dll
0x00007ffe28bd0000 - 0x00007ffe28c94000 	C:\Windows\System32\KERNEL32.DLL
0x00007ffe27320000 - 0x00007ffe276f2000 	C:\Windows\System32\KERNELBASE.dll
0x00007ffe279b0000 - 0x00007ffe27ac1000 	C:\Windows\System32\ucrtbase.dll
0x00007ffe07100000 - 0x00007ffe07119000 	C:\Program Files\Java\jdk-17\bin\jli.dll
0x00007ffe06f10000 - 0x00007ffe06f2b000 	C:\Program Files\Java\jdk-17\bin\VCRUNTIME140.dll
0x00007ffe281d0000 - 0x00007ffe28281000 	C:\Windows\System32\ADVAPI32.dll
0x00007ffe28550000 - 0x00007ffe285f7000 	C:\Windows\System32\msvcrt.dll
0x00007ffe29a40000 - 0x00007ffe29ae8000 	C:\Windows\System32\sechost.dll
0x00007ffe27ad0000 - 0x00007ffe27af8000 	C:\Windows\System32\bcrypt.dll
0x00007ffe29ce0000 - 0x00007ffe29df4000 	C:\Windows\System32\RPCRT4.dll
0x00007ffe27e00000 - 0x00007ffe27fb1000 	C:\Windows\System32\USER32.dll
0x00007ffe27b80000 - 0x00007ffe27ba6000 	C:\Windows\System32\win32u.dll
0x00007ffe28a80000 - 0x00007ffe28aa9000 	C:\Windows\System32\GDI32.dll
0x00007ffe0cee0000 - 0x00007ffe0d17b000 	C:\Windows\WinSxS\amd64_microsoft.windows.common-controls_6595b64144ccf1df_6.0.22621.5547_none_27104afb73855772\COMCTL32.dll
0x00007ffe27c30000 - 0x00007ffe27d53000 	C:\Windows\System32\gdi32full.dll
0x00007ffe27d60000 - 0x00007ffe27dfa000 	C:\Windows\System32\msvcp_win.dll
0x00007ffe20f80000 - 0x00007ffe20f8a000 	C:\Windows\SYSTEM32\VERSION.dll
0x00007ffe28160000 - 0x00007ffe28191000 	C:\Windows\System32\IMM32.DLL
0x00007ffdfa9c0000 - 0x00007ffdfaab2000 	C:\Program Files\Windhawk\Engine\1.6.1\64\windhawk.dll
0x00007ffe0d720000 - 0x00007ffe0d72c000 	C:\Program Files\Java\jdk-17\bin\vcruntime140_1.dll
0x00007ffdcd230000 - 0x00007ffdcd2be000 	C:\Program Files\Java\jdk-17\bin\msvcp140.dll
0x00007ffd7ad20000 - 0x00007ffd7b901000 	C:\Program Files\Java\jdk-17\bin\server\jvm.dll
0x00007ffe299d0000 - 0x00007ffe299d8000 	C:\Windows\System32\PSAPI.DLL
0x00007ffe20f40000 - 0x00007ffe20f74000 	C:\Windows\SYSTEM32\WINMM.dll
0x00007ffdfe950000 - 0x00007ffdfe959000 	C:\Windows\SYSTEM32\WSOCK32.dll
0x00007ffe2a040000 - 0x00007ffe2a0b1000 	C:\Windows\System32\WS2_32.dll
0x00007ffe26340000 - 0x00007ffe26358000 	C:\Windows\SYSTEM32\kernel.appcore.dll
0x00007ffe07130000 - 0x00007ffe0713a000 	C:\Program Files\Java\jdk-17\bin\jimage.dll
0x00007ffe24ba0000 - 0x00007ffe24dd3000 	C:\Windows\SYSTEM32\DBGHELP.DLL
0x00007ffe28d80000 - 0x00007ffe29113000 	C:\Windows\System32\combase.dll
0x00007ffe28ca0000 - 0x00007ffe28d77000 	C:\Windows\System32\OLEAUT32.dll
0x00007ffdf8ee0000 - 0x00007ffdf8f12000 	C:\Windows\SYSTEM32\dbgcore.DLL
0x00007ffe27bb0000 - 0x00007ffe27c2b000 	C:\Windows\System32\bcryptPrimitives.dll
0x00007ffe05a00000 - 0x00007ffe05a25000 	C:\Program Files\Java\jdk-17\bin\java.dll
0x00007ffe05f40000 - 0x00007ffe05f58000 	C:\Program Files\Java\jdk-17\bin\zip.dll

dbghelp: loaded successfully - version: 4.0.5 - missing functions: none
symbol engine: initialized successfully - sym options: 0x614 - pdb path: .;C:\Program Files\Java\jdk-17\bin;C:\Windows\SYSTEM32;C:\Windows\WinSxS\amd64_microsoft.windows.common-controls_6595b64144ccf1df_6.0.22621.5547_none_27104afb73855772;C:\Program Files\Windhawk\Engine\1.6.1\64;C:\Program Files\Java\jdk-17\bin\server

VM Arguments:
jvm_args: -Xmx64m -Xms64m -Dorg.gradle.appname=gradlew 
java_command: E:\Andoid Studio\AndroidStudioProjects\GoTicky\\gradle\wrapper\gradle-wrapper.jar composeApp:build --no-daemon --stacktrace
java_class_path (initial): E:\Andoid Studio\AndroidStudioProjects\GoTicky\\gradle\wrapper\gradle-wrapper.jar
Launcher Type: SUN_STANDARD

[Global flags]
     intx CICompilerCount                          = 12                                        {product} {ergonomic}
     uint ConcGCThreads                            = 3                                         {product} {ergonomic}
     uint G1ConcRefinementThreads                  = 13                                        {product} {ergonomic}
   size_t G1HeapRegionSize                         = 1048576                                   {product} {ergonomic}
    uintx GCDrainStackTargetSize                   = 64                                        {product} {ergonomic}
   size_t InitialHeapSize                          = 67108864                                  {product} {command line}
   size_t MarkStackSize                            = 4194304                                   {product} {ergonomic}
   size_t MaxHeapSize                              = 67108864                                  {product} {command line}
   size_t MaxNewSize                               = 39845888                                  {product} {ergonomic}
   size_t MinHeapDeltaBytes                        = 1048576                                   {product} {ergonomic}
   size_t MinHeapSize                              = 67108864                                  {product} {command line}
    uintx NonNMethodCodeHeapSize                   = 7602480                                {pd product} {ergonomic}
    uintx NonProfiledCodeHeapSize                  = 122027880                              {pd product} {ergonomic}
    uintx ProfiledCodeHeapSize                     = 122027880                              {pd product} {ergonomic}
    uintx ReservedCodeCacheSize                    = 251658240                              {pd product} {ergonomic}
     bool SegmentedCodeCache                       = true                                      {product} {ergonomic}
   size_t SoftMaxHeapSize                          = 67108864                               {manageable} {ergonomic}
     bool UseCompressedClassPointers               = true                           {product lp64_product} {ergonomic}
     bool UseCompressedOops                        = true                           {product lp64_product} {ergonomic}
     bool UseG1GC                                  = true                                      {product} {ergonomic}
     bool UseLargePagesIndividualAllocation        = false                                  {pd product} {ergonomic}

Logging:
Log output configuration:
 #0: stdout all=warning uptime,level,tags
 #1: stderr all=off uptime,level,tags

Environment Variables:
JAVA_HOME=C:\Program Files\Java\jdk-17
PATH=C:\Python314\Scripts\;C:\Python314\;C:\Program Files (x86)\Common Files\Intel\Shared Libraries\redist\intel64\compiler;C:\Windows\system32;C:\Windows;C:\Windows\System32\Wbem;C:\Windows\System32\WindowsPowerShell\v1.0\;C:\Windows\System32\OpenSSH\;C:\Program Files\MATLAB\R2023b\runtime\win64;C:\Program Files\MATLAB\R2023b\bin;C:\yt-dlp;C:\Program Files\PuTTY\;C:\Program Files\dotnet\;C:\Program Files\Git\cmd;C:\Program Files\Java\jdk-17\bin;;C:\Program Files\NVIDIA Corporation\NVIDIA NvDLISR;C:\Program Files\nodejs\;C:\ProgramData\chocolatey\bin;C:\Program Files\PowerShell\7\;D:\Java\temurin-17\bin;C:\Users\walte\AppData\Local\Microsoft\WindowsApps;C:\Users\walte\.dotnet\tools;C:\Users\walte\AppData\Local\Programs\cursor\resources\app\bin;C:\Users\walte\AppData\Local\Programs\Windsurf\bin;C:\Users\walte\AppData\Local\PowerToys\DSCModules\;C:\Users\walte\AppData\Roaming\npm
USERNAME=walte
OS=Windows_NT
PROCESSOR_IDENTIFIER=Intel64 Family 6 Model 165 Stepping 2, GenuineIntel



---------------  S Y S T E M  ---------------

OS:
 Windows 11 , 64 bit Build 22621 (10.0.22621.5415)
OS uptime: 0 days 11:09 hours
Hyper-V role detected

CPU: total 16 (initial active 16) (8 cores per cpu, 2 threads per core) family 6 model 165 stepping 2 microcode 0xf8, cx8, cmov, fxsr, ht, mmx, 3dnowpref, sse, sse2, sse3, ssse3, sse4.1, sse4.2, popcnt, lzcnt, tsc, tscinvbit, avx, avx2, aes, erms, clmul, bmi1, bmi2, adx, fma, vzeroupper, clflush, clflushopt, hv

Memory: 4k page, system-wide physical 64833M (44275M free)
TotalPageFile size 68929M (AvailPageFile size 48217M)
current process WorkingSet (physical memory assigned to process): 24M, peak: 24M
current process commit charge ("private bytes"): 148M, peak: 148M

vm_info: Java HotSpot(TM) 64-Bit Server VM (17.0.15+9-LTS-241) for windows-amd64 JRE (17.0.15+9-LTS-241), built on Feb 20 2025 10:49:54 by "mach5one" with MS VC++ 17.6 (VS2022)

END.
