#
# A fatal error has been detected by the Java Runtime Environment:
#
#  EXCEPTION_ACCESS_VIOLATION (0xc0000005) at pc=0x00007ffc6374234e, pid=33760, tid=39772
#
# JRE version:  (17.0.15+9) (build )
# Java VM: Java HotSpot(TM) 64-Bit Server VM (17.0.15+9-LTS-241, mixed mode, sharing, tiered, compressed oops, compressed class ptrs, g1 gc, windows-amd64)
# Problematic frame:
# V  [jvm.dll+0x2c234e]
#
# No core dump will be written. Minidumps are not enabled by default on client versions of Windows
#
#

---------------  S U M M A R Y ------------

Command Line: -Xmx64m -Xms64m -Dorg.gradle.appname=gradlew E:\Andoid Studio\AndroidStudioProjects\GoTicky\\gradle\wrapper\gradle-wrapper.jar -Dorg .gradle.jvmargs=-Xmx4096m -Xms512m -Dfile.encoding=UTF-8 :composeApp:build -x test

Host: Intel(R) Core(TM) i9-10885H CPU @ 2.40GHz, 16 cores, 63G,  Windows 11 , 64 bit Build 22621 (10.0.22621.5415)
Time: Sun Dec  7 16:51:39 2025 South Africa Standard Time elapsed time: 0.040057 seconds (0d 0h 0m 0s)

---------------  T H R E A D  ---------------

Current thread (0x000001f26c6f2780):  JavaThread "Unknown thread" [_thread_in_vm, id=39772, stack(0x00000099f1100000,0x00000099f1200000)]

Stack: [0x00000099f1100000,0x00000099f1200000],  sp=0x00000099f11fedd0,  free space=1019k
Native frames: (J=compiled Java code, j=interpreted, Vv=VM code, C=native code)
V  [jvm.dll+0x2c234e]
V  [jvm.dll+0x2c27b5]
V  [jvm.dll+0x626e76]
V  [jvm.dll+0x6270a3]
V  [jvm.dll+0x626583]
V  [jvm.dll+0x6222b8]
V  [jvm.dll+0x7acec5]
V  [jvm.dll+0x3678b1]
V  [jvm.dll+0x78be69]
V  [jvm.dll+0x3ecc6e]
V  [jvm.dll+0x3ee8a1]
C  [jli.dll+0x5297]
C  [ucrtbase.dll+0x29333]
C  [KERNEL32.DLL+0x1259d]
C  [ntdll.dll+0x5af78]


siginfo: EXCEPTION_ACCESS_VIOLATION (0xc0000005), reading address 0x0000000000000000


Registers:
RAX=0x000071cc8c505a6b, RBX=0x0000000000000000, RCX=0x0000000000000000, RDX=0x00007ffc63d76d01
RSP=0x00000099f11fedd0, RBP=0x0000000000000001, RSI=0x000001f2008f6410, RDI=0x0000000000000000
R8 =0x0000000000000001, R9 =0x0000000000000001, R10=0x0000000000000000, R11=0x0000000000000246
R12=0x0000000000000002, R13=0x000001f26a3709c0, R14=0x0000000000000001, R15=0x000001f200000000
RIP=0x00007ffc6374234e, EFLAGS=0x0000000000010246


Top of Stack: (sp=0x00000099f11fedd0)
0x00000099f11fedd0:   000001f200bd0000 0000000800000000
0x00000099f11fede0:   0000000800bd0000 000001f200000000
0x00000099f11fedf0:   000001f200bd0000 000001ea00000000
0x00000099f11fee00:   00000099f11fef20 0000000000000001
0x00000099f11fee10:   000071cc8c505aeb 000001f26c796c10
0x00000099f11fee20:   000071cc8c505a6b 000001f26c796c10
0x00000099f11fee30:   0000000000000000 00007ffc637427b5
0x00000099f11fee40:   000001f200000000 0000000000000000
0x00000099f11fee50:   000001f26c796c10 0000000000000000
0x00000099f11fee60:   000001f2008f6408 0000000000000001
0x00000099f11fee70:   000001f200000000 0000000001000000
0x00000099f11fee80:   0000000000000000 0000000000010000
0x00000099f11fee90:   0000000000001000 ffffffff00000000
0x00000099f11feea0:   0000000000000000 0000000000000003
0x00000099f11feeb0:   000071cc8c5059fb 0000000000000000
0x00000099f11feec0:   000001f26a3709c0 0000000000000000 

Instructions: (pc=0x00007ffc6374234e)
0x00007ffc6374224e:   fe 2b 63 00 e8 29 30 f8 ff 48 8b 0d 42 6c 83 00
0x00007ffc6374225e:   48 85 c9 74 22 44 0f b6 83 41 02 00 00 48 8d 0d
0x00007ffc6374226e:   ae 5a 63 00 0f b6 93 40 02 00 00 e8 a2 4d de ff
0x00007ffc6374227e:   48 8b 0d 1b 6c 83 00 0f b6 05 8b 7c 84 00 38 83
0x00007ffc6374228e:   40 02 00 00 75 60 0f b6 05 bd 7c 84 00 38 83 41
0x00007ffc6374229e:   02 00 00 75 51 80 bb a1 03 00 00 00 75 1f c6 05
0x00007ffc637422ae:   3d 38 7f 00 00 48 85 c9 74 13 48 8d 0d 61 5b 63
0x00007ffc637422be:   00 e8 5c 4d de ff 48 8b 0d d5 6b 83 00 80 bb a2
0x00007ffc637422ce:   03 00 00 00 75 18 c6 05 16 38 7f 00 00 48 85 c9
0x00007ffc637422de:   74 0c 48 8d 0d a9 5b 63 00 e8 34 4d de ff b0 01
0x00007ffc637422ee:   48 83 c4 20 5b c3 48 8d 0d 85 5a 63 00 e8 c0 d5
0x00007ffc637422fe:   ff ff 32 c0 48 83 c4 20 5b c3 cc cc cc cc cc cc
0x00007ffc6374230e:   cc cc 48 89 5c 24 10 48 89 6c 24 18 48 89 74 24
0x00007ffc6374231e:   20 57 48 83 ec 60 48 8b 05 9d fe 80 00 48 33 c4
0x00007ffc6374232e:   48 89 44 24 50 80 3d 39 19 7e 00 00 0f b6 ea 48
0x00007ffc6374233e:   8b f1 74 17 80 39 00 75 12 48 8b 0d 1a cf 83 00
0x00007ffc6374234e:   48 8b 01 ff 50 20 48 8b d8 eb 08 48 8b 59 18 48
0x00007ffc6374235e:   83 c3 04 48 83 3d 07 d0 83 00 00 40 b7 01 74 0f
0x00007ffc6374236e:   48 8b d3 48 8d 0d 28 46 63 00 e8 83 b1 f2 ff 48
0x00007ffc6374237e:   8d 54 24 20 48 8b cb e8 36 6d 3b 00 85 c0 74 19
0x00007ffc6374238e:   40 84 ed 74 14 48 8b d3 48 8d 0d 2b 46 63 00 e8
0x00007ffc6374239e:   1e d5 ff ff 40 32 ff eb 7a 80 3e 02 75 20 48 8b
0x00007ffc637423ae:   cb e8 5c 12 3b 00 84 c0 75 69 48 8b d3 48 8d 0d
0x00007ffc637423be:   36 46 63 00 e8 f9 d4 ff ff 40 32 ff eb 55 48 8b
0x00007ffc637423ce:   56 08 4c 8b 44 24 40 48 85 d2 74 05 49 3b d0 75
0x00007ffc637423de:   0b 48 63 44 24 34 48 39 46 10 74 37 40 32 ff 40
0x00007ffc637423ee:   38 3d ba 7c 84 00 74 1c 49 3b d0 48 8d 05 18 46
0x00007ffc637423fe:   63 00 48 8d 0d 29 46 63 00 48 0f 45 c8 e8 b0 d4
0x00007ffc6374240e:   ff ff eb 0f 48 8b d3 48 8d 0d 34 46 63 00 e8 9f
0x00007ffc6374241e:   d4 ff ff 80 3d 86 7c 84 00 00 74 10 40 84 ff 75
0x00007ffc6374242e:   0b c6 05 fb c5 85 00 01 b0 01 eb 04 40 0f b6 c7
0x00007ffc6374243e:   48 8b 4c 24 50 48 33 cc e8 c5 42 57 00 4c 8d 5c 



---------------  P R O C E S S  ---------------

Threads class SMR info:
_java_thread_list=0x00007ffc63f38a18, length=0, elements={
}

Java Threads: ( => current thread )

Other Threads:
  0x000001f26c711940 GCTaskThread "GC Thread#0" [stack: 0x00000099f1200000,0x00000099f1300000] [id=23648]
  0x000001f26c717dd0 ConcurrentGCThread "G1 Main Marker" [stack: 0x00000099f1300000,0x00000099f1400000] [id=25288]
  0x000001f26c718e90 ConcurrentGCThread "G1 Conc#0" [stack: 0x00000099f1400000,0x00000099f1500000] [id=41928]
  0x000001f26c790bc0 ConcurrentGCThread "G1 Refine#0" [stack: 0x00000099f1500000,0x00000099f1600000] [id=41828]
  0x000001f26c791500 ConcurrentGCThread "G1 Service" [stack: 0x00000099f1600000,0x00000099f1700000] [id=38952]

=>0x000001f26c6f2780 (exited) JavaThread "Unknown thread" [_thread_in_vm, id=39772, stack(0x00000099f1100000,0x00000099f1200000)]

Threads with active compile tasks:

VM state: not at safepoint (not fully initialized)

VM Mutex/Monitor currently owned by a thread: None

Heap address: 0x00000000fc000000, size: 64 MB, Compressed Oops mode: 32-bit

CDS archive(s) mapped at: [0x0000000000000000-0x0000000000000000-0x0000000000000000), size 0, SharedBaseAddress: 0x0000000800000000, ArchiveRelocationMode: 1.
Narrow klass base: 0x0000000000000000, Narrow klass shift: 0, Narrow klass range: 0x0

GC Precious Log:
 CPUs: 16 total, 16 available
 Memory: 64833M
 Large Page Support: Disabled
 NUMA Support: Disabled
 Compressed Oops: Enabled (32-bit)
 Heap Region Size: 1M
 Heap Min Capacity: 64M
 Heap Initial Capacity: 64M
 Heap Max Capacity: 64M
 Pre-touch: Disabled
 Parallel Workers: 13
 Concurrent Workers: 3
 Concurrent Refinement Workers: 13
 Periodic GC: Disabled

Heap:
 garbage-first heap   total 65536K, used 0K [0x00000000fc000000, 0x0000000100000000)
  region size 1024K, 0 young (0K), 0 survivors (0K)

[error occurred during error reporting (printing heap information), id 0xc0000005, EXCEPTION_ACCESS_VIOLATION (0xc0000005) at pc=0x00007ffc63b53c09]

GC Heap History (0 events):
No events

Deoptimization events (0 events):
No events

Classes unloaded (0 events):
No events

Classes redefined (0 events):
No events

Internal exceptions (0 events):
No events

VM Operations (0 events):
No events

Events (2 events):
Event: 0.011 Loaded shared library C:\Program Files\Java\jdk-17\bin\java.dll
Event: 0.012 Loaded shared library C:\Program Files\Java\jdk-17\bin\zip.dll


Dynamic libraries:
0x00007ff617c70000 - 0x00007ff617c80000 	C:\Program Files\Java\jdk-17\bin\java.exe
0x00007ffd3a770000 - 0x00007ffd3a987000 	C:\Windows\SYSTEM32\ntdll.dll
0x00007ffd3a040000 - 0x00007ffd3a104000 	C:\Windows\System32\KERNEL32.DLL
0x00007ffd37ec0000 - 0x00007ffd38292000 	C:\Windows\System32\KERNELBASE.dll
0x00007ffd37da0000 - 0x00007ffd37eb1000 	C:\Windows\System32\ucrtbase.dll
0x00007ffd23480000 - 0x00007ffd23499000 	C:\Program Files\Java\jdk-17\bin\jli.dll
0x00007ffd1c590000 - 0x00007ffd1c5ab000 	C:\Program Files\Java\jdk-17\bin\VCRUNTIME140.dll
0x00007ffd38c50000 - 0x00007ffd38d01000 	C:\Windows\System32\ADVAPI32.dll
0x00007ffd3a420000 - 0x00007ffd3a4c7000 	C:\Windows\System32\msvcrt.dll
0x00007ffd38940000 - 0x00007ffd389e8000 	C:\Windows\System32\sechost.dll
0x00007ffd37b30000 - 0x00007ffd37b58000 	C:\Windows\System32\bcrypt.dll
0x00007ffd3a110000 - 0x00007ffd3a224000 	C:\Windows\System32\RPCRT4.dll
0x00007ffd38d10000 - 0x00007ffd38ec1000 	C:\Windows\System32\USER32.dll
0x00007ffd37b00000 - 0x00007ffd37b26000 	C:\Windows\System32\win32u.dll
0x00007ffd1ce50000 - 0x00007ffd1d0eb000 	C:\Windows\WinSxS\amd64_microsoft.windows.common-controls_6595b64144ccf1df_6.0.22621.5547_none_27104afb73855772\COMCTL32.dll
0x00007ffd39750000 - 0x00007ffd39779000 	C:\Windows\System32\GDI32.dll
0x00007ffd37860000 - 0x00007ffd37983000 	C:\Windows\System32\gdi32full.dll
0x00007ffd38360000 - 0x00007ffd383fa000 	C:\Windows\System32\msvcp_win.dll
0x00007ffd32050000 - 0x00007ffd3205a000 	C:\Windows\SYSTEM32\VERSION.dll
0x00007ffd38400000 - 0x00007ffd38431000 	C:\Windows\System32\IMM32.DLL
0x00007ffd08a30000 - 0x00007ffd08b22000 	C:\Program Files\Windhawk\Engine\1.6.1\64\windhawk.dll
0x00007ffd32690000 - 0x00007ffd3269c000 	C:\Program Files\Java\jdk-17\bin\vcruntime140_1.dll
0x00007ffcdaa10000 - 0x00007ffcdaa9e000 	C:\Program Files\Java\jdk-17\bin\msvcp140.dll
0x00007ffc63480000 - 0x00007ffc64061000 	C:\Program Files\Java\jdk-17\bin\server\jvm.dll
0x00007ffd38aa0000 - 0x00007ffd38aa8000 	C:\Windows\System32\PSAPI.DLL
0x00007ffd0d920000 - 0x00007ffd0d929000 	C:\Windows\SYSTEM32\WSOCK32.dll
0x00007ffd31610000 - 0x00007ffd31644000 	C:\Windows\SYSTEM32\WINMM.dll
0x00007ffd38f40000 - 0x00007ffd38fb1000 	C:\Windows\System32\WS2_32.dll
0x00007ffd36940000 - 0x00007ffd36958000 	C:\Windows\SYSTEM32\kernel.appcore.dll
0x00007ffd1e000000 - 0x00007ffd1e00a000 	C:\Program Files\Java\jdk-17\bin\jimage.dll
0x00007ffd35170000 - 0x00007ffd353a3000 	C:\Windows\SYSTEM32\DBGHELP.DLL
0x00007ffd39350000 - 0x00007ffd396e3000 	C:\Windows\System32\combase.dll
0x00007ffd3a230000 - 0x00007ffd3a307000 	C:\Windows\System32\OLEAUT32.dll
0x00007ffd25650000 - 0x00007ffd25682000 	C:\Windows\SYSTEM32\dbgcore.DLL
0x000001f26bd60000 - 0x000001f26bddb000 	C:\Windows\System32\bcryptPrimitives.dll
0x00007ffd1b4e0000 - 0x00007ffd1b505000 	C:\Program Files\Java\jdk-17\bin\java.dll
0x00007ffd1b4c0000 - 0x00007ffd1b4d8000 	C:\Program Files\Java\jdk-17\bin\zip.dll

dbghelp: loaded successfully - version: 4.0.5 - missing functions: none
symbol engine: initialized successfully - sym options: 0x614 - pdb path: .;C:\Program Files\Java\jdk-17\bin;C:\Windows\SYSTEM32;C:\Windows\WinSxS\amd64_microsoft.windows.common-controls_6595b64144ccf1df_6.0.22621.5547_none_27104afb73855772;C:\Program Files\Windhawk\Engine\1.6.1\64;C:\Program Files\Java\jdk-17\bin\server

VM Arguments:
jvm_args: -Xmx64m -Xms64m -Dorg.gradle.appname=gradlew 
java_command: E:\Andoid Studio\AndroidStudioProjects\GoTicky\\gradle\wrapper\gradle-wrapper.jar -Dorg .gradle.jvmargs=-Xmx4096m -Xms512m -Dfile.encoding=UTF-8 :composeApp:build -x test
java_class_path (initial): E:\Andoid Studio\AndroidStudioProjects\GoTicky\\gradle\wrapper\gradle-wrapper.jar
Launcher Type: SUN_STANDARD

[Global flags]
     intx CICompilerCount                          = 12                                        {product} {ergonomic}
     uint ConcGCThreads                            = 3                                         {product} {ergonomic}
     uint G1ConcRefinementThreads                  = 13                                        {product} {ergonomic}
   size_t G1HeapRegionSize                         = 1048576                                   {product} {ergonomic}
    uintx GCDrainStackTargetSize                   = 64                                        {product} {ergonomic}
   size_t InitialHeapSize                          = 67108864                                  {product} {command line}
   size_t MarkStackSize                            = 4194304                                   {product} {ergonomic}
   size_t MaxHeapSize                              = 67108864                                  {product} {command line}
   size_t MaxNewSize                               = 39845888                                  {product} {ergonomic}
   size_t MinHeapDeltaBytes                        = 1048576                                   {product} {ergonomic}
   size_t MinHeapSize                              = 67108864                                  {product} {command line}
    uintx NonNMethodCodeHeapSize                   = 7602480                                {pd product} {ergonomic}
    uintx NonProfiledCodeHeapSize                  = 122027880                              {pd product} {ergonomic}
    uintx ProfiledCodeHeapSize                     = 122027880                              {pd product} {ergonomic}
    uintx ReservedCodeCacheSize                    = 251658240                              {pd product} {ergonomic}
     bool SegmentedCodeCache                       = true                                      {product} {ergonomic}
   size_t SoftMaxHeapSize                          = 67108864                               {manageable} {ergonomic}
     bool UseCompressedClassPointers               = true                           {product lp64_product} {ergonomic}
     bool UseCompressedOops                        = true                           {product lp64_product} {ergonomic}
     bool UseG1GC                                  = true                                      {product} {ergonomic}
     bool UseLargePagesIndividualAllocation        = false                                  {pd product} {ergonomic}

Logging:
Log output configuration:
 #0: stdout all=warning uptime,level,tags
 #1: stderr all=off uptime,level,tags

Environment Variables:
JAVA_HOME=C:\Program Files\Java\jdk-17
PATH=C:\Python314\Scripts\;C:\Python314\;C:\Program Files (x86)\Common Files\Intel\Shared Libraries\redist\intel64\compiler;C:\Windows\system32;C:\Windows;C:\Windows\System32\Wbem;C:\Windows\System32\WindowsPowerShell\v1.0\;C:\Windows\System32\OpenSSH\;C:\Program Files\MATLAB\R2023b\runtime\win64;C:\Program Files\MATLAB\R2023b\bin;C:\yt-dlp;C:\Program Files\PuTTY\;C:\Program Files\dotnet\;C:\Program Files\Git\cmd;C:\Program Files\Java\jdk-17\bin;;C:\Program Files\NVIDIA Corporation\NVIDIA NvDLISR;C:\Program Files\nodejs\;C:\ProgramData\chocolatey\bin;C:\Program Files\PowerShell\7\;D:\Java\temurin-17\bin;C:\Users\walte\AppData\Local\Microsoft\WindowsApps;C:\Users\walte\.dotnet\tools;C:\Users\walte\AppData\Local\Programs\cursor\resources\app\bin;C:\Users\walte\AppData\Local\Programs\Windsurf\bin;C:\Users\walte\AppData\Local\PowerToys\DSCModules\;C:\Users\walte\AppData\Roaming\npm
USERNAME=walte
OS=Windows_NT
PROCESSOR_IDENTIFIER=Intel64 Family 6 Model 165 Stepping 2, GenuineIntel



---------------  S Y S T E M  ---------------

OS:
 Windows 11 , 64 bit Build 22621 (10.0.22621.5415)
OS uptime: 0 days 14:56 hours
Hyper-V role detected

CPU: total 16 (initial active 16) (8 cores per cpu, 2 threads per core) family 6 model 165 stepping 2 microcode 0xf8, cx8, cmov, fxsr, ht, mmx, 3dnowpref, sse, sse2, sse3, ssse3, sse4.1, sse4.2, popcnt, lzcnt, tsc, tscinvbit, avx, avx2, aes, erms, clmul, bmi1, bmi2, adx, fma, vzeroupper, clflush, clflushopt, hv

Memory: 4k page, system-wide physical 64833M (34296M free)
TotalPageFile size 68929M (AvailPageFile size 41072M)
current process WorkingSet (physical memory assigned to process): 24M, peak: 24M
current process commit charge ("private bytes"): 148M, peak: 148M

vm_info: Java HotSpot(TM) 64-Bit Server VM (17.0.15+9-LTS-241) for windows-amd64 JRE (17.0.15+9-LTS-241), built on Feb 20 2025 10:49:54 by "mach5one" with MS VC++ 17.6 (VS2022)

END.
